# JRE version: Java(TM) SE Runtime Environment (11.0.6+8) (build 11.0.6+8-LTS)
# Java VM: Java HotSpot(TM) 64-Bit Server VM (11.0.6+8-LTS, mixed mode, tiered, compressed oops, g1 gc, windows-amd64)
Heap:
 garbage-first heap   total 260096K, used 154726K [0x0000000702600000, 0x0000000800000000)
  region size 1024K, 150 young (153600K), 12 survivors (12288K)
 Metaspace       used 44689K, capacity 45892K, committed 46032K, reserved 1089536K
  class space    used 5319K, capacity 5815K, committed 5840K, reserved 1048576K
GC Heap History (8 events):
Event: 0.573 GC heap before
{Heap before GC invocations=0 (full 0):
 garbage-first heap   total 260096K, used 24576K [0x0000000702600000, 0x0000000800000000)
  region size 1024K, 24 young (24576K), 0 survivors (0K)
 Metaspace       used 11207K, capacity 11412K, committed 11648K, reserved 1060864K
  class space    used 1081K, capacity 1146K, committed 1152K, reserved 1048576K
}
Event: 0.576 GC heap after
{Heap after GC invocations=1 (full 0):
 garbage-first heap   total 260096K, used 7043K [0x0000000702600000, 0x0000000800000000)
  region size 1024K, 3 young (3072K), 3 survivors (3072K)
 Metaspace       used 11207K, capacity 11412K, committed 11648K, reserved 1060864K
  class space    used 1081K, capacity 1146K, committed 1152K, reserved 1048576K
}
Event: 1.162 GC heap before
{Heap before GC invocations=1 (full 0):
 garbage-first heap   total 260096K, used 85891K [0x0000000702600000, 0x0000000800000000)
  region size 1024K, 82 young (83968K), 3 survivors (3072K)
 Metaspace       used 20647K, capacity 21162K, committed 21248K, reserved 1069056K
  class space    used 2346K, capacity 2536K, committed 2560K, reserved 1048576K
}
Event: 1.167 GC heap after
{Heap after GC invocations=2 (full 0):
 garbage-first heap   total 260096K, used 9580K [0x0000000702600000, 0x0000000800000000)
  region size 1024K, 6 young (6144K), 6 survivors (6144K)
 Metaspace       used 20647K, capacity 21162K, committed 21248K, reserved 1069056K
  class space    used 2346K, capacity 2536K, committed 2560K, reserved 1048576K
}
Event: 2.210 GC heap before
{Heap before GC invocations=3 (full 0):
 garbage-first heap   total 260096K, used 158060K [0x0000000702600000, 0x0000000800000000)
  region size 1024K, 152 young (155648K), 6 survivors (6144K)
 Metaspace       used 30711K, capacity 31500K, committed 31612K, reserved 1077248K
  class space    used 3589K, capacity 3915K, committed 3964K, reserved 1048576K
}
Event: 2.217 GC heap after
{Heap after GC invocations=4 (full 0):
 garbage-first heap   total 260096K, used 13805K [0x0000000702600000, 0x0000000800000000)
  region size 1024K, 10 young (10240K), 10 survivors (10240K)
 Metaspace       used 30711K, capacity 31500K, committed 31612K, reserved 1077248K
  class space    used 3589K, capacity 3915K, committed 3964K, reserved 1048576K
}
Event: 2.732 GC heap before
{Heap before GC invocations=4 (full 0):
 garbage-first heap   total 260096K, used 41453K [0x0000000702600000, 0x0000000800000000)
  region size 1024K, 38 young (38912K), 10 survivors (10240K)
 Metaspace       used 35051K, capacity 35959K, committed 36048K, reserved 1081344K
  class space    used 4120K, capacity 4498K, committed 4560K, reserved 1048576K
}
Event: 2.741 GC heap after
{Heap after GC invocations=5 (full 0):
 garbage-first heap   total 260096K, used 15462K [0x0000000702600000, 0x0000000800000000)
  region size 1024K, 12 young (12288K), 12 survivors (12288K)
 Metaspace       used 35051K, capacity 35959K, committed 36048K, reserved 1081344K
  class space    used 4120K, capacity 4498K, committed 4560K, reserved 1048576K
}

